<?xml version="1.0" encoding="UTF-8"?>
<testsuite name="service.DemoServiceTest" tests="1" skipped="0" failures="0" errors="0" timestamp="2022-04-30T14:28:43" hostname="N307" time="0.014">
  <properties/>
  <testcase name="add()" classname="service.DemoServiceTest" time="0.014"/>
  <system-out><![CDATA[]]></system-out>
  <system-err><![CDATA[]]></system-err>
</testsuite>
